<?xml version="1.0" encoding="UTF-8"?>
<testsuite xmlns:xsi="http://www.w3.org/2001/XMLSchema-instance" xsi:noNamespaceSchemaLocation="https://maven.apache.org/surefire/maven-surefire-plugin/xsd/surefire-test-report.xsd" name="Test.Automation.RunAll_Sanity" time="9.904" tests="0" errors="0" skipped="0" failures="0">
  <properties>
    <property name="sun.desktop" value="windows"/>
    <property name="awt.toolkit" value="sun.awt.windows.WToolkit"/>
    <property name="java.specification.version" value="10"/>
    <property name="file.encoding.pkg" value="sun.io"/>
    <property name="sun.cpu.isalist" value="amd64"/>
    <property name="sun.jnu.encoding" value="Cp1252"/>
    <property name="java.class.path" value="C:\Users\raheel.imran\AppData\Local\JetBrains\IntelliJ IDEA Community Edition 2020.3\plugins\maven\lib\maven3\boot\plexus-classworlds-2.6.0.jar;C:\Users\raheel.imran\AppData\Local\JetBrains\IntelliJ IDEA Community Edition 2020.3\plugins\maven\lib\maven3\boot\plexus-classworlds.license"/>
    <property name="java.vm.vendor" value="&quot;Oracle Corporation&quot;"/>
    <property name="sun.arch.data.model" value="64"/>
    <property name="user.variant" value=""/>
    <property name="java.vendor.url" value="http://java.oracle.com/"/>
    <property name="user.timezone" value="Asia/Karachi"/>
    <property name="maven.conf" value="C:\Users\raheel.imran\AppData\Local\JetBrains\IntelliJ IDEA Community Edition 2020.3\plugins\maven\lib\maven3/conf"/>
    <property name="os.name" value="Windows 10"/>
    <property name="java.vm.specification.version" value="10"/>
    <property name="sun.java.launcher" value="SUN_STANDARD"/>
    <property name="user.country" value="US"/>
    <property name="sun.boot.library.path" value="C:\Program Files\Java\jdk-10.0.1\bin"/>
    <property name="sun.java.command" value="org.codehaus.classworlds.Launcher -Didea.version=2020.3.2 clean install"/>
    <property name="jdk.debug" value="release"/>
    <property name="maven.home" value="C:\Users\raheel.imran\AppData\Local\JetBrains\IntelliJ IDEA Community Edition 2020.3\plugins\maven\lib\maven3"/>
    <property name="sun.cpu.endian" value="little"/>
    <property name="user.home" value="C:\Users\raheel.imran"/>
    <property name="user.language" value="en"/>
    <property name="java.specification.vendor" value="Oracle Corporation"/>
    <property name="java.version.date" value="2018-04-17"/>
    <property name="java.home" value="C:\Program Files\Java\jdk-10.0.1"/>
    <property name="file.separator" value="\"/>
    <property name="java.vm.compressedOopsMode" value="Zero based"/>
    <property name="line.separator" value="&#10;"/>
    <property name="java.specification.name" value="Java Platform API Specification"/>
    <property name="java.vm.specification.vendor" value="Oracle Corporation"/>
    <property name="java.awt.graphicsenv" value="sun.awt.Win32GraphicsEnvironment"/>
    <property name="user.script" value=""/>
    <property name="sun.management.compiler" value="HotSpot 64-Bit Tiered Compilers"/>
    <property name="java.runtime.version" value="10.0.1+10"/>
    <property name="user.name" value="raheel.imran"/>
    <property name="path.separator" value=";"/>
    <property name="os.version" value="10.0"/>
    <property name="java.runtime.name" value="Java(TM) SE Runtime Environment"/>
    <property name="file.encoding" value="UTF-8"/>
    <property name="guice.disable.misplaced.annotation.check" value="true"/>
    <property name="java.vm.name" value="Java HotSpot(TM) 64-Bit Server VM"/>
    <property name="java.vendor.version" value="18.3"/>
    <property name="maven.ext.class.path" value="C:\Users\raheel.imran\AppData\Local\JetBrains\IntelliJ IDEA Community Edition 2020.3\plugins\maven\lib\maven-event-listener.jar"/>
    <property name="java.vendor.url.bug" value="http://bugreport.java.com/bugreport/"/>
    <property name="java.io.tmpdir" value="C:\Users\RAHEEL~1.IMR\AppData\Local\Temp\"/>
    <property name="idea.version" value="2020.3.2"/>
    <property name="java.version" value="10.0.1"/>
    <property name="user.dir" value="D:\Systems_Projects\Etisalat_DigiApp_Automation-master\Etisalat_DigiApp_Automation-master\Selenium-Scripts"/>
    <property name="os.arch" value="amd64"/>
    <property name="maven.multiModuleProjectDirectory" value="D:\Systems_Projects\Etisalat_DigiApp_Automation-master\Etisalat_DigiApp_Automation-master\Selenium-Scripts"/>
    <property name="java.vm.specification.name" value="Java Virtual Machine Specification"/>
    <property name="java.awt.printerjob" value="sun.awt.windows.WPrinterJob"/>
    <property name="sun.os.patch.level" value=""/>
    <property name="java.library.path" value="C:\Program Files\Java\jdk-10.0.1\bin;C:\Windows\Sun\Java\bin;C:\Windows\system32;C:\Windows;C:\Program Files (x86)\Common Files\Oracle\Java\javapath;C:\Windows\system32;C:\Windows;C:\Windows\System32\Wbem;C:\Windows\System32\WindowsPowerShell\v1.0\;C:\Windows\System32\OpenSSH\;C:\Program Files\TortoiseSVN\bin;C:\Program Files\nodejs\;C:\Users\raheel.imran\AppData\Roaming\Python\Python39;C:\Users\raheel.imran\AppData\Roaming\Python\Python39\Scripts;C:\Users\raheel.imran\AppData\Local\Programs\Python\Python39\Scripts\;C:\Users\raheel.imran\AppData\Local\Programs\Python\Python39\;C:\Users\raheel.imran\AppData\Local\Microsoft\WindowsApps;C:\Users\raheel.imran\AppData\Local\Programs\Microsoft VS Code\bin;C:\Users\raheel.imran\AppData\Roaming\npm;C:\Users\raheel.imran\AppData\Local\Programs\Git\cmd;."/>
    <property name="java.vendor" value="Oracle Corporation"/>
    <property name="java.vm.info" value="mixed mode"/>
    <property name="java.vm.version" value="10.0.1+10"/>
    <property name="classworlds.conf" value="C:\Users\raheel.imran\AppData\Local\JetBrains\IntelliJ IDEA Community Edition 2020.3\plugins\maven\lib\maven3\bin\m2.conf"/>
    <property name="sun.io.unicode.encoding" value="UnicodeLittle"/>
    <property name="java.class.version" value="54.0"/>
  </properties>
</testsuite>